Wed Mar 11 15:13:54 CET 2020 : Apache Derby Network Server - 10.11.1.2 - (1629631) démarré et prêt à accepter les connexions sur le port 1527
----------------------------------------------------------------
Wed Mar 11 15:13:54 CET 2020:
Amorçage de Derby version The Apache Software Foundation - Apache Derby - 10.11.1.2 - (1629631) : instance a816c00e-0170-c9f1-c5e1-ffffff7e7c89 
dans le répertoire de base de données C:\Users\erouss01\Documents\NetBeansProjects\MARIEMA_SADGAL_ROUSSEAU_PROJETBASTIDE\comptoirs avec le chargeur de classe sun.misc.Launcher$AppClassLoader@266474c2
Chargé de file:/C:/Program%20Files/Java/jdk1.8.0_152/db/lib/derby.jar
java.vendor=Oracle Corporation
java.runtime.version=1.8.0_152-b16
user.dir=C:\Program Files\Java\jdk1.8.0_152\db
os.name=Windows 10
os.arch=amd64
os.version=10.0
derby.system.home=C:\Users\erouss01\Documents\NetBeansProjects\MARIEMA_SADGAL_ROUSSEAU_PROJETBASTIDE
Chargeur de classe de la base de données démarré - derby.database.classpath = ''
----------------------------------------------------------------
Wed Mar 11 15:13:55 CET 2020:
Fermeture de l'instance a816c00e-0170-c9f1-c5e1-ffffff7e7c89 sur le répertoire de base de données C:\Users\erouss01\Documents\NetBeansProjects\MARIEMA_SADGAL_ROUSSEAU_PROJETBASTIDE\comptoirs avec le chargeur de classe sun.misc.Launcher$AppClassLoader@266474c2 
Wed Mar 11 15:13:55 CET 2020 Thread[DRDAConnThread_3,5,main] (DATABASE = comptoirs), (DRDAID = {2}), Arrêt de la base de données 'comptoirs'.
----------------------------------------------------------------
Wed Mar 11 15:14:13 CET 2020:
Amorçage de Derby version The Apache Software Foundation - Apache Derby - 10.11.1.2 - (1629631) : instance 0ddd00a9-0170-c9f1-c5e1-ffffff7e7c89 
dans le répertoire de base de données C:\Users\erouss01\Documents\NetBeansProjects\MARIEMA_SADGAL_ROUSSEAU_PROJETBASTIDE\comptoirs avec le chargeur de classe sun.misc.Launcher$AppClassLoader@266474c2
Chargé de file:/C:/Program%20Files/Java/jdk1.8.0_152/db/lib/derby.jar
java.vendor=Oracle Corporation
java.runtime.version=1.8.0_152-b16
user.dir=C:\Program Files\Java\jdk1.8.0_152\db
os.name=Windows 10
os.arch=amd64
os.version=10.0
derby.system.home=C:\Users\erouss01\Documents\NetBeansProjects\MARIEMA_SADGAL_ROUSSEAU_PROJETBASTIDE
Chargeur de classe de la base de données démarré - derby.database.classpath = ''
